{'mean': 8265.008861411621, 'std': 4414.288253000801, 'max': 19668.754548210636, 'min': 48.28049817310419}

------------------------------------------------------------
Sender: LSF System <lsfadmin@hpc.dtu.dk>
Subject: Job 24342452: <python_performance> in cluster <dcc> Done

Job <python_performance> was submitted from host <hpclogin1> by user <s240577> in cluster <dcc> at Sat Mar  8 15:34:54 2025
Job was executed on host(s) <n-62-11-60>, in queue <hpc>, as user <s240577> in cluster <dcc> at Sat Mar  8 15:34:54 2025
</zhome/20/1/209339> was used as the home directory.
</zhome/20/1/209339/02613-Python-and-High-Performance-Computing/week4> was used as the working directory.
Started at Sat Mar  8 15:34:54 2025
Terminated at Sat Mar  8 15:34:56 2025
Results reported at Sat Mar  8 15:34:56 2025

Your job looked like:

------------------------------------------------------------
# LSBATCH: User input
#!/bin/bash

### -- set the job Name -- 
#BSUB -J python_performance

### -- specify queue --
#BSUB -q hpc

### -- set walltime limit: hh:mm -- 
#BSUB -W 5

### -- specify that we need 512MB of memory per core/slot --
#BSUB -R "rusage[mem=10GB]"

### -- select the machine to be XeonGold6226R --
#BSUB -R "select[model==XeonGold6226R]"

### -- ask for number of cores (default: 1) -- 
#BSUB -n 1

### -- specify that the cores must be on the same host -- 
#BSUB -R "span[hosts=1]"

### -- Specify the output and error file. %J is the job-id -- 
### -- -o and -e mean append, -oo and -eo mean overwrite -- 
#BSUB -o bash_output/python_performance%J.out
#BSUB -e bash_output/python_performance%J.err

### -- Need to activate the python environment --
source /dtu/projects/02613_2025/conda/conda_init.sh
conda activate 02613

### -- run in the job --
python python_performance.py /dtu/projects/02613_2025/data/locations/locations_100.csv




------------------------------------------------------------

Successfully completed.

Resource usage summary:

    CPU time :                                   1.00 sec.
    Max Memory :                                 1 MB
    Average Memory :                             1.00 MB
    Total Requested Memory :                     10240.00 MB
    Delta Memory :                               10239.00 MB
    Max Swap :                                   -
    Max Processes :                              1
    Max Threads :                                1
    Run time :                                   40 sec.
    Turnaround time :                            2 sec.

The output (if any) is above this job summary.



PS:

Read file <bash_output/python_performance24342452.err> for stderr output of this job.

