
------------------------------------------------------------
Sender: LSF System <lsfadmin@hpc.dtu.dk>
Subject: Job 24347023: <python_performance_optim> in cluster <dcc> Exited

Job <python_performance_optim> was submitted from host <hpclogin1> by user <s240577> in cluster <dcc> at Sun Mar  9 10:49:21 2025
Job was executed on host(s) <n-62-11-64>, in queue <hpc>, as user <s240577> in cluster <dcc> at Sun Mar  9 10:49:23 2025
</zhome/20/1/209339> was used as the home directory.
</zhome/20/1/209339/02613-Python-and-High-Performance-Computing/week4> was used as the working directory.
Started at Sun Mar  9 10:49:23 2025
Terminated at Sun Mar  9 10:49:24 2025
Results reported at Sun Mar  9 10:49:24 2025

Your job looked like:

------------------------------------------------------------
# LSBATCH: User input
#!/bin/bash

### -- set the job Name -- 
#BSUB -J python_performance_optim

### -- specify queue --
#BSUB -q hpc

### -- set walltime limit: hh:mm -- 
#BSUB -W 5

### -- specify that we need 512MB of memory per core/slot --
#BSUB -R "rusage[mem=10GB]"

### -- select the machine to be XeonGold6226R --
#BSUB -R "select[model==XeonGold6226R]"

### -- ask for number of cores (default: 1) -- 
#BSUB -n 1

### -- specify that the cores must be on the same host -- 
#BSUB -R "span[hosts=1]"

### -- Specify the output and error file. %J is the job-id -- 
### -- -o and -e mean append, -oo and -eo mean overwrite -- 
#BSUB -o bash_output/python_performance_optim%J.out
#BSUB -e bash_output/python_performance_optim%J.err

### -- Need to activate the python environment --
source /dtu/projects/02613_2025/conda/conda_init.sh
conda activate 02613

### -- run in the job --
### -m cProfile will run the program
### -s cumulative will sort by cumulative time (Cumulative is including time spent in sub-functions).
python -m cProfile -s cumulative python_performance_optim_optim.py /dtu/projects/02613_2025/data/locations/locations_100.csv




------------------------------------------------------------

Exited with exit code 1.

Resource usage summary:

    CPU time :                                   0.83 sec.
    Max Memory :                                 2 MB
    Average Memory :                             1.67 MB
    Total Requested Memory :                     10240.00 MB
    Delta Memory :                               10238.00 MB
    Max Swap :                                   -
    Max Processes :                              1
    Max Threads :                                1
    Run time :                                   15 sec.
    Turnaround time :                            3 sec.

The output (if any) is above this job summary.



PS:

Read file <bash_output/python_performance_optim24347023.err> for stderr output of this job.

